<?xml version="1.0" encoding="UTF-8"?>
<!-- Generated by org.testng.reporters.JUnitReportReporter -->
<testsuite skipped="0" hostname="Soumyajit" name="MyPractice.Question" tests="1" failures="0" timestamp="2022-05-24T17:41:40 IST" time="0.006" errors="0">
  <testcase name="duplicateNumbers" time="0.006" classname="MyPractice.Question"/>
  <system-out/>
</testsuite> <!-- MyPractice.Question -->
