<?xml version="1.0" encoding="UTF-8"?>
<!-- Generated by org.testng.reporters.JUnitReportReporter -->
<testsuite skipped="0" hostname="Soumyajit" name="com.interviewQuestions.MakeMyTripTest" tests="1" failures="0" timestamp="2022-06-28T01:19:48 IST" time="13.940" errors="0">
  <testcase name="makemytripscript" time="13.940" classname="com.interviewQuestions.MakeMyTripTest"/>
  <system-out/>
</testsuite> <!-- com.interviewQuestions.MakeMyTripTest -->
